<?xml version="1.0" encoding="UTF-8"?>
<testsuite name="com.thoughtworks.tools.tsc.util.ExcelUtilsTest" tests="1" skipped="0" failures="0" errors="0" timestamp="2015-05-05T07:44:04" hostname="CNsjyuan.local" time="0.0">
  <properties/>
  <testcase name="testCalculateSelectedIndexs" classname="com.thoughtworks.tools.tsc.util.ExcelUtilsTest" time="0.0"/>
  <system-out><![CDATA[]]></system-out>
  <system-err><![CDATA[]]></system-err>
</testsuite>
